2018-09-30 11:24:05,733 INFO o.a.j.u.JMeterUtils: Setting Locale to en_EN
2018-09-30 11:24:05,907 INFO o.a.j.JMeter: Loading user properties from: user.properties
2018-09-30 11:24:05,918 INFO o.a.j.JMeter: Loading system properties from: system.properties
2018-09-30 11:24:05,986 INFO o.a.j.JMeter: Copyright (c) 1998-2018 The Apache Software Foundation
2018-09-30 11:24:05,990 INFO o.a.j.JMeter: Version 5.0 r1840935
2018-09-30 11:24:05,990 INFO o.a.j.JMeter: java.version=1.8.0_181
2018-09-30 11:24:05,990 INFO o.a.j.JMeter: java.vm.name=OpenJDK 64-Bit Server VM
2018-09-30 11:24:05,991 INFO o.a.j.JMeter: os.name=Linux
2018-09-30 11:24:05,991 INFO o.a.j.JMeter: os.arch=amd64
2018-09-30 11:24:05,991 INFO o.a.j.JMeter: os.version=4.17.0-041700-generic
2018-09-30 11:24:05,991 INFO o.a.j.JMeter: file.encoding=UTF-8
2018-09-30 11:24:05,991 INFO o.a.j.JMeter: Max memory     =1073741824
2018-09-30 11:24:05,991 INFO o.a.j.JMeter: Available Processors =2
2018-09-30 11:24:06,036 INFO o.a.j.JMeter: Default Locale=English (EN)
2018-09-30 11:24:06,036 INFO o.a.j.JMeter: JMeter  Locale=English (EN)
2018-09-30 11:24:06,037 INFO o.a.j.JMeter: JMeterHome=/home/tribes/apache-jmeter-5.0
2018-09-30 11:24:06,037 INFO o.a.j.JMeter: user.dir  =/home/tribes/apache-jmeter-5.0/bin
2018-09-30 11:24:06,037 INFO o.a.j.JMeter: PWD       =/home/tribes/apache-jmeter-5.0/bin
2018-09-30 11:24:06,038 INFO o.a.j.JMeter: IP: 127.0.1.1 Name: S6410 FullName: S6410
2018-09-30 11:24:07,126 INFO o.a.j.g.a.LookAndFeelCommand: Installing Darcula LAF
2018-09-30 11:24:07,441 INFO o.a.j.g.a.LookAndFeelCommand: Using look and feel: com.bulenkov.darcula.DarculaLaf [Darcula]
2018-09-30 11:24:07,441 INFO o.a.j.JMeter: Setting LAF to: com.bulenkov.darcula.DarculaLaf
2018-09-30 11:24:07,763 INFO o.a.j.JMeter: Loaded icon properties from org/apache/jmeter/images/icon.properties
2018-09-30 11:24:09,215 INFO o.a.j.e.u.CompoundVariable: Note: Function class names must contain the string: '.functions.'
2018-09-30 11:24:09,215 INFO o.a.j.e.u.CompoundVariable: Note: Function class names must not contain the string: '.gui.'
2018-09-30 11:24:15,416 INFO o.a.j.p.h.s.HTTPSamplerBase: Parser for text/html is org.apache.jmeter.protocol.http.parser.LagartoBasedHtmlParser
2018-09-30 11:24:15,417 INFO o.a.j.p.h.s.HTTPSamplerBase: Parser for application/xhtml+xml is org.apache.jmeter.protocol.http.parser.LagartoBasedHtmlParser
2018-09-30 11:24:15,417 INFO o.a.j.p.h.s.HTTPSamplerBase: Parser for application/xml is org.apache.jmeter.protocol.http.parser.LagartoBasedHtmlParser
2018-09-30 11:24:15,417 INFO o.a.j.p.h.s.HTTPSamplerBase: Parser for text/xml is org.apache.jmeter.protocol.http.parser.LagartoBasedHtmlParser
2018-09-30 11:24:15,418 INFO o.a.j.p.h.s.HTTPSamplerBase: Parser for text/vnd.wap.wml is org.apache.jmeter.protocol.http.parser.RegexpHTMLParser
2018-09-30 11:24:15,418 INFO o.a.j.p.h.s.HTTPSamplerBase: Parser for text/css is org.apache.jmeter.protocol.http.parser.CssParser
2018-09-30 11:24:17,871 INFO o.a.j.e.KeyToolUtils: keytool found at 'keytool'
2018-09-30 11:24:17,872 INFO o.a.j.p.h.p.ProxyControl: HTTP(S) Test Script Recorder SSL Proxy will use keys that support embedded 3rd party resources in file /home/tribes/apache-jmeter-5.0/bin/proxyserver.jks
2018-09-30 11:24:18,215 INFO o.a.j.s.FileServer: Default base='/home/tribes/apache-jmeter-5.0/bin'
2018-09-30 11:24:19,600 INFO o.a.j.s.SampleResult: Note: Sample TimeStamps are START times
2018-09-30 11:24:19,600 INFO o.a.j.s.SampleResult: sampleresult.default.encoding is set to ISO-8859-1
2018-09-30 11:24:19,600 INFO o.a.j.s.SampleResult: sampleresult.useNanoTime=true
2018-09-30 11:24:19,601 INFO o.a.j.s.SampleResult: sampleresult.nanoThreadSleep=5000
2018-09-30 11:24:19,709 WARN o.a.j.v.ViewResultsFullVisualizer: Error loading result renderer: org.apache.jmeter.visualizers.RenderInBrowser
java.lang.NoClassDefFoundError: javafx/scene/Parent
	at java.lang.Class.forName0(Native Method) ~[?:1.8.0_181]
	at java.lang.Class.forName(Class.java:264) ~[?:1.8.0_181]
	at org.apache.jmeter.visualizers.ViewResultsFullVisualizer.createComboRender(ViewResultsFullVisualizer.java:462) ~[ApacheJMeter_components.jar:5.0 r1840935]
	at org.apache.jmeter.visualizers.ViewResultsFullVisualizer.createLeftPanel(ViewResultsFullVisualizer.java:430) ~[ApacheJMeter_components.jar:5.0 r1840935]
	at org.apache.jmeter.visualizers.ViewResultsFullVisualizer.init(ViewResultsFullVisualizer.java:342) ~[ApacheJMeter_components.jar:5.0 r1840935]
	at org.apache.jmeter.visualizers.ViewResultsFullVisualizer.<init>(ViewResultsFullVisualizer.java:147) ~[ApacheJMeter_components.jar:5.0 r1840935]
	at sun.reflect.NativeConstructorAccessorImpl.newInstance0(Native Method) ~[?:1.8.0_181]
	at sun.reflect.NativeConstructorAccessorImpl.newInstance(NativeConstructorAccessorImpl.java:62) ~[?:1.8.0_181]
	at sun.reflect.DelegatingConstructorAccessorImpl.newInstance(DelegatingConstructorAccessorImpl.java:45) ~[?:1.8.0_181]
	at java.lang.reflect.Constructor.newInstance(Constructor.java:423) ~[?:1.8.0_181]
	at java.lang.Class.newInstance(Class.java:442) ~[?:1.8.0_181]
	at org.apache.jmeter.gui.util.MenuFactory.getGUIComponent(MenuFactory.java:174) ~[ApacheJMeter_core.jar:5.0 r1840935]
	at org.apache.jmeter.gui.util.MenuFactory.initializeMenus(MenuFactory.java:141) ~[ApacheJMeter_core.jar:5.0 r1840935]
	at org.apache.jmeter.gui.util.MenuFactory.<clinit>(MenuFactory.java:106) ~[ApacheJMeter_core.jar:5.0 r1840935]
	at org.apache.jmeter.control.gui.TestPlanGui.createPopupMenu(TestPlanGui.java:92) ~[ApacheJMeter_core.jar:5.0 r1840935]
	at org.apache.jmeter.gui.tree.JMeterTreeNode.createPopupMenu(JMeterTreeNode.java:184) ~[ApacheJMeter_core.jar:5.0 r1840935]
	at org.apache.jmeter.gui.action.EditCommand.doAction(EditCommand.java:46) ~[ApacheJMeter_core.jar:5.0 r1840935]
	at org.apache.jmeter.gui.action.ActionRouter.performAction(ActionRouter.java:88) ~[ApacheJMeter_core.jar:5.0 r1840935]
	at org.apache.jmeter.gui.action.ActionRouter.lambda$actionPerformed$0(ActionRouter.java:70) ~[ApacheJMeter_core.jar:5.0 r1840935]
	at java.awt.event.InvocationEvent.dispatch(InvocationEvent.java:311) [?:1.8.0_181]
	at java.awt.EventQueue.dispatchEventImpl(EventQueue.java:758) [?:1.8.0_181]
	at java.awt.EventQueue.access$500(EventQueue.java:97) [?:1.8.0_181]
	at java.awt.EventQueue$3.run(EventQueue.java:709) [?:1.8.0_181]
	at java.awt.EventQueue$3.run(EventQueue.java:703) [?:1.8.0_181]
	at java.security.AccessController.doPrivileged(Native Method) [?:1.8.0_181]
	at java.security.ProtectionDomain$JavaSecurityAccessImpl.doIntersectionPrivilege(ProtectionDomain.java:74) [?:1.8.0_181]
	at java.awt.EventQueue.dispatchEvent(EventQueue.java:728) [?:1.8.0_181]
	at org.GNOME.Accessibility.AtkWrapper$6.dispatchEvent(AtkWrapper.java:715) [java-atk-wrapper.jar:?]
	at java.awt.EventDispatchThread.pumpOneEventForFilters(EventDispatchThread.java:205) [?:1.8.0_181]
	at java.awt.EventDispatchThread.pumpEventsForFilter(EventDispatchThread.java:116) [?:1.8.0_181]
	at java.awt.EventDispatchThread.pumpEventsForHierarchy(EventDispatchThread.java:105) [?:1.8.0_181]
	at java.awt.EventDispatchThread.pumpEvents(EventDispatchThread.java:101) [?:1.8.0_181]
	at java.awt.EventDispatchThread.pumpEvents(EventDispatchThread.java:93) [?:1.8.0_181]
	at java.awt.EventDispatchThread.run(EventDispatchThread.java:82) [?:1.8.0_181]
Caused by: java.lang.ClassNotFoundException: javafx.scene.Parent
	at java.net.URLClassLoader.findClass(URLClassLoader.java:381) ~[?:1.8.0_181]
	at java.lang.ClassLoader.loadClass(ClassLoader.java:424) ~[?:1.8.0_181]
	at java.lang.ClassLoader.loadClass(ClassLoader.java:357) ~[?:1.8.0_181]
	... 34 more
2018-09-30 11:46:48,829 INFO o.a.j.g.a.t.TemplateManager: Reading templates from: /home/tribes/apache-jmeter-5.0/bin/templates/templates.xml
2018-09-30 12:06:36,442 INFO o.a.j.s.FileServer: Set new base='/home/tribes/apache-jmeter-5.0/bin'
2018-09-30 12:06:36,483 INFO o.a.j.s.SaveService: Testplan (JMX) version: 2.2. Testlog (JTL) version: 2.2
2018-09-30 12:06:36,622 INFO o.a.j.s.SaveService: Using SaveService properties file encoding UTF-8
2018-09-30 12:06:36,625 INFO o.a.j.s.SaveService: Using SaveService properties version 5.0
2018-09-30 12:06:36,677 INFO o.a.j.g.a.Load: Loading file: /home/tribes/apache-jmeter-5.0/bin/templates/recording.jmx
2018-09-30 12:06:36,678 INFO o.a.j.s.SaveService: Loading file: /home/tribes/apache-jmeter-5.0/bin/templates/recording.jmx
2018-09-30 12:06:36,718 INFO o.a.j.p.h.c.CookieManager: Settings: Delete null: true Check: true Allow variable: true Save: false Prefix: COOKIE_
2018-09-30 12:06:36,844 WARN o.a.j.v.ViewResultsFullVisualizer: Error loading result renderer: org.apache.jmeter.visualizers.RenderInBrowser
java.lang.NoClassDefFoundError: javafx/scene/Parent
	at java.lang.Class.forName0(Native Method) ~[?:1.8.0_181]
	at java.lang.Class.forName(Class.java:264) ~[?:1.8.0_181]
	at org.apache.jmeter.visualizers.ViewResultsFullVisualizer.createComboRender(ViewResultsFullVisualizer.java:462) ~[ApacheJMeter_components.jar:5.0 r1840935]
	at org.apache.jmeter.visualizers.ViewResultsFullVisualizer.createLeftPanel(ViewResultsFullVisualizer.java:430) ~[ApacheJMeter_components.jar:5.0 r1840935]
	at org.apache.jmeter.visualizers.ViewResultsFullVisualizer.init(ViewResultsFullVisualizer.java:342) ~[ApacheJMeter_components.jar:5.0 r1840935]
	at org.apache.jmeter.visualizers.ViewResultsFullVisualizer.<init>(ViewResultsFullVisualizer.java:147) ~[ApacheJMeter_components.jar:5.0 r1840935]
	at sun.reflect.NativeConstructorAccessorImpl.newInstance0(Native Method) ~[?:1.8.0_181]
	at sun.reflect.NativeConstructorAccessorImpl.newInstance(NativeConstructorAccessorImpl.java:62) ~[?:1.8.0_181]
	at sun.reflect.DelegatingConstructorAccessorImpl.newInstance(DelegatingConstructorAccessorImpl.java:45) ~[?:1.8.0_181]
	at java.lang.reflect.Constructor.newInstance(Constructor.java:423) ~[?:1.8.0_181]
	at java.lang.Class.newInstance(Class.java:442) ~[?:1.8.0_181]
	at org.apache.jmeter.gui.GuiPackage.getGuiFromCache(GuiPackage.java:405) ~[ApacheJMeter_core.jar:5.0 r1840935]
	at org.apache.jmeter.gui.GuiPackage.getGui(GuiPackage.java:251) ~[ApacheJMeter_core.jar:5.0 r1840935]
	at org.apache.jmeter.gui.GuiPackage.getGui(GuiPackage.java:222) ~[ApacheJMeter_core.jar:5.0 r1840935]
	at org.apache.jmeter.gui.tree.JMeterTreeModel.addComponent(JMeterTreeModel.java:157) ~[ApacheJMeter_core.jar:5.0 r1840935]
	at org.apache.jmeter.gui.tree.JMeterTreeModel.addSubTree(JMeterTreeModel.java:133) ~[ApacheJMeter_core.jar:5.0 r1840935]
	at org.apache.jmeter.gui.tree.JMeterTreeModel.addSubTree(JMeterTreeModel.java:125) ~[ApacheJMeter_core.jar:5.0 r1840935]
	at org.apache.jmeter.gui.GuiPackage.addSubTree(GuiPackage.java:522) ~[ApacheJMeter_core.jar:5.0 r1840935]
	at org.apache.jmeter.gui.action.Load.insertLoadedTree(Load.java:200) ~[ApacheJMeter_core.jar:5.0 r1840935]
	at org.apache.jmeter.gui.action.Load.loadProjectFile(Load.java:131) ~[ApacheJMeter_core.jar:5.0 r1840935]
	at org.apache.jmeter.gui.action.SelectTemplatesDialog.checkDirtyAndLoad(SelectTemplatesDialog.java:165) ~[ApacheJMeter_core.jar:5.0 r1840935]
	at org.apache.jmeter.gui.action.SelectTemplatesDialog.actionPerformed(SelectTemplatesDialog.java:213) ~[ApacheJMeter_core.jar:5.0 r1840935]
	at javax.swing.AbstractButton.fireActionPerformed(AbstractButton.java:2022) ~[?:1.8.0_181]
	at javax.swing.AbstractButton$Handler.actionPerformed(AbstractButton.java:2348) ~[?:1.8.0_181]
	at javax.swing.DefaultButtonModel.fireActionPerformed(DefaultButtonModel.java:402) ~[?:1.8.0_181]
	at javax.swing.DefaultButtonModel.setPressed(DefaultButtonModel.java:259) ~[?:1.8.0_181]
	at javax.swing.plaf.basic.BasicButtonListener.mouseReleased(BasicButtonListener.java:252) ~[?:1.8.0_181]
	at java.awt.Component.processMouseEvent(Component.java:6539) ~[?:1.8.0_181]
	at javax.swing.JComponent.processMouseEvent(JComponent.java:3324) ~[?:1.8.0_181]
	at java.awt.Component.processEvent(Component.java:6304) ~[?:1.8.0_181]
	at java.awt.Container.processEvent(Container.java:2239) ~[?:1.8.0_181]
	at java.awt.Component.dispatchEventImpl(Component.java:4889) ~[?:1.8.0_181]
	at java.awt.Container.dispatchEventImpl(Container.java:2297) ~[?:1.8.0_181]
	at java.awt.Component.dispatchEvent(Component.java:4711) ~[?:1.8.0_181]
	at java.awt.LightweightDispatcher.retargetMouseEvent(Container.java:4904) ~[?:1.8.0_181]
	at java.awt.LightweightDispatcher.processMouseEvent(Container.java:4535) ~[?:1.8.0_181]
	at java.awt.LightweightDispatcher.dispatchEvent(Container.java:4476) ~[?:1.8.0_181]
	at java.awt.Container.dispatchEventImpl(Container.java:2283) ~[?:1.8.0_181]
	at java.awt.Window.dispatchEventImpl(Window.java:2746) ~[?:1.8.0_181]
	at java.awt.Component.dispatchEvent(Component.java:4711) ~[?:1.8.0_181]
	at java.awt.EventQueue.dispatchEventImpl(EventQueue.java:760) ~[?:1.8.0_181]
	at java.awt.EventQueue.access$500(EventQueue.java:97) ~[?:1.8.0_181]
	at java.awt.EventQueue$3.run(EventQueue.java:709) ~[?:1.8.0_181]
	at java.awt.EventQueue$3.run(EventQueue.java:703) ~[?:1.8.0_181]
	at java.security.AccessController.doPrivileged(Native Method) ~[?:1.8.0_181]
	at java.security.ProtectionDomain$JavaSecurityAccessImpl.doIntersectionPrivilege(ProtectionDomain.java:74) ~[?:1.8.0_181]
	at java.security.ProtectionDomain$JavaSecurityAccessImpl.doIntersectionPrivilege(ProtectionDomain.java:84) ~[?:1.8.0_181]
	at java.awt.EventQueue$4.run(EventQueue.java:733) ~[?:1.8.0_181]
	at java.awt.EventQueue$4.run(EventQueue.java:731) ~[?:1.8.0_181]
	at java.security.AccessController.doPrivileged(Native Method) ~[?:1.8.0_181]
	at java.security.ProtectionDomain$JavaSecurityAccessImpl.doIntersectionPrivilege(ProtectionDomain.java:74) ~[?:1.8.0_181]
	at java.awt.EventQueue.dispatchEvent(EventQueue.java:730) ~[?:1.8.0_181]
	at org.GNOME.Accessibility.AtkWrapper$6.dispatchEvent(AtkWrapper.java:715) ~[java-atk-wrapper.jar:?]
	at java.awt.EventDispatchThread.pumpOneEventForFilters(EventDispatchThread.java:205) ~[?:1.8.0_181]
	at java.awt.EventDispatchThread.pumpEventsForFilter(EventDispatchThread.java:116) ~[?:1.8.0_181]
	at java.awt.EventDispatchThread.pumpEventsForFilter(EventDispatchThread.java:109) ~[?:1.8.0_181]
	at java.awt.WaitDispatchSupport$2.run(WaitDispatchSupport.java:190) ~[?:1.8.0_181]
	at java.awt.WaitDispatchSupport$4.run(WaitDispatchSupport.java:235) ~[?:1.8.0_181]
	at java.awt.WaitDispatchSupport$4.run(WaitDispatchSupport.java:233) ~[?:1.8.0_181]
	at java.security.AccessController.doPrivileged(Native Method) ~[?:1.8.0_181]
	at java.awt.WaitDispatchSupport.enter(WaitDispatchSupport.java:233) ~[?:1.8.0_181]
	at java.awt.Dialog.show(Dialog.java:1084) ~[?:1.8.0_181]
	at java.awt.Component.show(Component.java:1671) ~[?:1.8.0_181]
	at java.awt.Component.setVisible(Component.java:1623) ~[?:1.8.0_181]
	at java.awt.Window.setVisible(Window.java:1014) ~[?:1.8.0_181]
	at java.awt.Dialog.setVisible(Dialog.java:1005) ~[?:1.8.0_181]
	at org.apache.jmeter.gui.action.TemplatesCommand.doActionAfterCheck(TemplatesCommand.java:48) ~[ApacheJMeter_core.jar:5.0 r1840935]
	at org.apache.jmeter.gui.action.AbstractActionWithNoRunningTest.doAction(AbstractActionWithNoRunningTest.java:45) ~[ApacheJMeter_core.jar:5.0 r1840935]
	at org.apache.jmeter.gui.action.ActionRouter.performAction(ActionRouter.java:88) ~[ApacheJMeter_core.jar:5.0 r1840935]
	at org.apache.jmeter.gui.action.ActionRouter.lambda$actionPerformed$0(ActionRouter.java:70) ~[ApacheJMeter_core.jar:5.0 r1840935]
	at java.awt.event.InvocationEvent.dispatch(InvocationEvent.java:311) [?:1.8.0_181]
	at java.awt.EventQueue.dispatchEventImpl(EventQueue.java:758) [?:1.8.0_181]
	at java.awt.EventQueue.access$500(EventQueue.java:97) [?:1.8.0_181]
	at java.awt.EventQueue$3.run(EventQueue.java:709) [?:1.8.0_181]
	at java.awt.EventQueue$3.run(EventQueue.java:703) [?:1.8.0_181]
	at java.security.AccessController.doPrivileged(Native Method) [?:1.8.0_181]
	at java.security.ProtectionDomain$JavaSecurityAccessImpl.doIntersectionPrivilege(ProtectionDomain.java:74) [?:1.8.0_181]
	at java.awt.EventQueue.dispatchEvent(EventQueue.java:728) [?:1.8.0_181]
	at org.GNOME.Accessibility.AtkWrapper$6.dispatchEvent(AtkWrapper.java:715) [java-atk-wrapper.jar:?]
	at java.awt.EventDispatchThread.pumpOneEventForFilters(EventDispatchThread.java:205) [?:1.8.0_181]
	at java.awt.EventDispatchThread.pumpEventsForFilter(EventDispatchThread.java:116) [?:1.8.0_181]
	at java.awt.EventDispatchThread.pumpEventsForHierarchy(EventDispatchThread.java:105) [?:1.8.0_181]
	at java.awt.EventDispatchThread.pumpEvents(EventDispatchThread.java:101) [?:1.8.0_181]
	at java.awt.EventDispatchThread.pumpEvents(EventDispatchThread.java:93) [?:1.8.0_181]
	at java.awt.EventDispatchThread.run(EventDispatchThread.java:82) [?:1.8.0_181]
Caused by: java.lang.ClassNotFoundException: javafx.scene.Parent
	at java.net.URLClassLoader.findClass(URLClassLoader.java:381) ~[?:1.8.0_181]
	at java.lang.ClassLoader.loadClass(ClassLoader.java:424) ~[?:1.8.0_181]
	at java.lang.ClassLoader.loadClass(ClassLoader.java:357) ~[?:1.8.0_181]
	... 85 more
2018-09-30 12:06:36,975 WARN o.a.j.v.ViewResultsFullVisualizer: Error loading result renderer: org.apache.jmeter.visualizers.RenderInBrowser
java.lang.NoClassDefFoundError: javafx/scene/Parent
	at java.lang.Class.forName0(Native Method) ~[?:1.8.0_181]
	at java.lang.Class.forName(Class.java:264) ~[?:1.8.0_181]
	at org.apache.jmeter.visualizers.ViewResultsFullVisualizer.createComboRender(ViewResultsFullVisualizer.java:462) ~[ApacheJMeter_components.jar:5.0 r1840935]
	at org.apache.jmeter.visualizers.ViewResultsFullVisualizer.createLeftPanel(ViewResultsFullVisualizer.java:430) ~[ApacheJMeter_components.jar:5.0 r1840935]
	at org.apache.jmeter.visualizers.ViewResultsFullVisualizer.init(ViewResultsFullVisualizer.java:342) ~[ApacheJMeter_components.jar:5.0 r1840935]
	at org.apache.jmeter.visualizers.ViewResultsFullVisualizer.<init>(ViewResultsFullVisualizer.java:147) ~[ApacheJMeter_components.jar:5.0 r1840935]
	at sun.reflect.NativeConstructorAccessorImpl.newInstance0(Native Method) ~[?:1.8.0_181]
	at sun.reflect.NativeConstructorAccessorImpl.newInstance(NativeConstructorAccessorImpl.java:62) ~[?:1.8.0_181]
	at sun.reflect.DelegatingConstructorAccessorImpl.newInstance(DelegatingConstructorAccessorImpl.java:45) ~[?:1.8.0_181]
	at java.lang.reflect.Constructor.newInstance(Constructor.java:423) ~[?:1.8.0_181]
	at java.lang.Class.newInstance(Class.java:442) ~[?:1.8.0_181]
	at org.apache.jmeter.gui.GuiPackage.getGuiFromCache(GuiPackage.java:405) ~[ApacheJMeter_core.jar:5.0 r1840935]
	at org.apache.jmeter.gui.GuiPackage.getGui(GuiPackage.java:251) ~[ApacheJMeter_core.jar:5.0 r1840935]
	at org.apache.jmeter.gui.GuiPackage.getGui(GuiPackage.java:222) ~[ApacheJMeter_core.jar:5.0 r1840935]
	at org.apache.jmeter.gui.tree.JMeterTreeModel.addComponent(JMeterTreeModel.java:157) ~[ApacheJMeter_core.jar:5.0 r1840935]
	at org.apache.jmeter.gui.tree.JMeterTreeModel.addSubTree(JMeterTreeModel.java:133) ~[ApacheJMeter_core.jar:5.0 r1840935]
	at org.apache.jmeter.gui.tree.JMeterTreeModel.addSubTree(JMeterTreeModel.java:133) ~[ApacheJMeter_core.jar:5.0 r1840935]
	at org.apache.jmeter.gui.tree.JMeterTreeModel.addSubTree(JMeterTreeModel.java:125) ~[ApacheJMeter_core.jar:5.0 r1840935]
	at org.apache.jmeter.gui.GuiPackage.addSubTree(GuiPackage.java:522) ~[ApacheJMeter_core.jar:5.0 r1840935]
	at org.apache.jmeter.gui.action.Load.insertLoadedTree(Load.java:200) ~[ApacheJMeter_core.jar:5.0 r1840935]
	at org.apache.jmeter.gui.action.Load.loadProjectFile(Load.java:131) ~[ApacheJMeter_core.jar:5.0 r1840935]
	at org.apache.jmeter.gui.action.SelectTemplatesDialog.checkDirtyAndLoad(SelectTemplatesDialog.java:165) ~[ApacheJMeter_core.jar:5.0 r1840935]
	at org.apache.jmeter.gui.action.SelectTemplatesDialog.actionPerformed(SelectTemplatesDialog.java:213) ~[ApacheJMeter_core.jar:5.0 r1840935]
	at javax.swing.AbstractButton.fireActionPerformed(AbstractButton.java:2022) ~[?:1.8.0_181]
	at javax.swing.AbstractButton$Handler.actionPerformed(AbstractButton.java:2348) ~[?:1.8.0_181]
	at javax.swing.DefaultButtonModel.fireActionPerformed(DefaultButtonModel.java:402) ~[?:1.8.0_181]
	at javax.swing.DefaultButtonModel.setPressed(DefaultButtonModel.java:259) ~[?:1.8.0_181]
	at javax.swing.plaf.basic.BasicButtonListener.mouseReleased(BasicButtonListener.java:252) ~[?:1.8.0_181]
	at java.awt.Component.processMouseEvent(Component.java:6539) ~[?:1.8.0_181]
	at javax.swing.JComponent.processMouseEvent(JComponent.java:3324) ~[?:1.8.0_181]
	at java.awt.Component.processEvent(Component.java:6304) ~[?:1.8.0_181]
	at java.awt.Container.processEvent(Container.java:2239) ~[?:1.8.0_181]
	at java.awt.Component.dispatchEventImpl(Component.java:4889) ~[?:1.8.0_181]
	at java.awt.Container.dispatchEventImpl(Container.java:2297) ~[?:1.8.0_181]
	at java.awt.Component.dispatchEvent(Component.java:4711) ~[?:1.8.0_181]
	at java.awt.LightweightDispatcher.retargetMouseEvent(Container.java:4904) ~[?:1.8.0_181]
	at java.awt.LightweightDispatcher.processMouseEvent(Container.java:4535) ~[?:1.8.0_181]
	at java.awt.LightweightDispatcher.dispatchEvent(Container.java:4476) ~[?:1.8.0_181]
	at java.awt.Container.dispatchEventImpl(Container.java:2283) ~[?:1.8.0_181]
	at java.awt.Window.dispatchEventImpl(Window.java:2746) ~[?:1.8.0_181]
	at java.awt.Component.dispatchEvent(Component.java:4711) ~[?:1.8.0_181]
	at java.awt.EventQueue.dispatchEventImpl(EventQueue.java:760) ~[?:1.8.0_181]
	at java.awt.EventQueue.access$500(EventQueue.java:97) ~[?:1.8.0_181]
	at java.awt.EventQueue$3.run(EventQueue.java:709) ~[?:1.8.0_181]
	at java.awt.EventQueue$3.run(EventQueue.java:703) ~[?:1.8.0_181]
	at java.security.AccessController.doPrivileged(Native Method) ~[?:1.8.0_181]
	at java.security.ProtectionDomain$JavaSecurityAccessImpl.doIntersectionPrivilege(ProtectionDomain.java:74) ~[?:1.8.0_181]
	at java.security.ProtectionDomain$JavaSecurityAccessImpl.doIntersectionPrivilege(ProtectionDomain.java:84) ~[?:1.8.0_181]
	at java.awt.EventQueue$4.run(EventQueue.java:733) ~[?:1.8.0_181]
	at java.awt.EventQueue$4.run(EventQueue.java:731) ~[?:1.8.0_181]
	at java.security.AccessController.doPrivileged(Native Method) ~[?:1.8.0_181]
	at java.security.ProtectionDomain$JavaSecurityAccessImpl.doIntersectionPrivilege(ProtectionDomain.java:74) ~[?:1.8.0_181]
	at java.awt.EventQueue.dispatchEvent(EventQueue.java:730) ~[?:1.8.0_181]
	at org.GNOME.Accessibility.AtkWrapper$6.dispatchEvent(AtkWrapper.java:715) ~[java-atk-wrapper.jar:?]
	at java.awt.EventDispatchThread.pumpOneEventForFilters(EventDispatchThread.java:205) ~[?:1.8.0_181]
	at java.awt.EventDispatchThread.pumpEventsForFilter(EventDispatchThread.java:116) ~[?:1.8.0_181]
	at java.awt.EventDispatchThread.pumpEventsForFilter(EventDispatchThread.java:109) ~[?:1.8.0_181]
	at java.awt.WaitDispatchSupport$2.run(WaitDispatchSupport.java:190) ~[?:1.8.0_181]
	at java.awt.WaitDispatchSupport$4.run(WaitDispatchSupport.java:235) ~[?:1.8.0_181]
	at java.awt.WaitDispatchSupport$4.run(WaitDispatchSupport.java:233) ~[?:1.8.0_181]
	at java.security.AccessController.doPrivileged(Native Method) ~[?:1.8.0_181]
	at java.awt.WaitDispatchSupport.enter(WaitDispatchSupport.java:233) ~[?:1.8.0_181]
	at java.awt.Dialog.show(Dialog.java:1084) ~[?:1.8.0_181]
	at java.awt.Component.show(Component.java:1671) ~[?:1.8.0_181]
	at java.awt.Component.setVisible(Component.java:1623) ~[?:1.8.0_181]
	at java.awt.Window.setVisible(Window.java:1014) ~[?:1.8.0_181]
	at java.awt.Dialog.setVisible(Dialog.java:1005) ~[?:1.8.0_181]
	at org.apache.jmeter.gui.action.TemplatesCommand.doActionAfterCheck(TemplatesCommand.java:48) ~[ApacheJMeter_core.jar:5.0 r1840935]
	at org.apache.jmeter.gui.action.AbstractActionWithNoRunningTest.doAction(AbstractActionWithNoRunningTest.java:45) ~[ApacheJMeter_core.jar:5.0 r1840935]
	at org.apache.jmeter.gui.action.ActionRouter.performAction(ActionRouter.java:88) ~[ApacheJMeter_core.jar:5.0 r1840935]
	at org.apache.jmeter.gui.action.ActionRouter.lambda$actionPerformed$0(ActionRouter.java:70) ~[ApacheJMeter_core.jar:5.0 r1840935]
	at java.awt.event.InvocationEvent.dispatch(InvocationEvent.java:311) [?:1.8.0_181]
	at java.awt.EventQueue.dispatchEventImpl(EventQueue.java:758) [?:1.8.0_181]
	at java.awt.EventQueue.access$500(EventQueue.java:97) [?:1.8.0_181]
	at java.awt.EventQueue$3.run(EventQueue.java:709) [?:1.8.0_181]
	at java.awt.EventQueue$3.run(EventQueue.java:703) [?:1.8.0_181]
	at java.security.AccessController.doPrivileged(Native Method) [?:1.8.0_181]
	at java.security.ProtectionDomain$JavaSecurityAccessImpl.doIntersectionPrivilege(ProtectionDomain.java:74) [?:1.8.0_181]
	at java.awt.EventQueue.dispatchEvent(EventQueue.java:728) [?:1.8.0_181]
	at org.GNOME.Accessibility.AtkWrapper$6.dispatchEvent(AtkWrapper.java:715) [java-atk-wrapper.jar:?]
	at java.awt.EventDispatchThread.pumpOneEventForFilters(EventDispatchThread.java:205) [?:1.8.0_181]
	at java.awt.EventDispatchThread.pumpEventsForFilter(EventDispatchThread.java:116) [?:1.8.0_181]
	at java.awt.EventDispatchThread.pumpEventsForHierarchy(EventDispatchThread.java:105) [?:1.8.0_181]
	at java.awt.EventDispatchThread.pumpEvents(EventDispatchThread.java:101) [?:1.8.0_181]
	at java.awt.EventDispatchThread.pumpEvents(EventDispatchThread.java:93) [?:1.8.0_181]
	at java.awt.EventDispatchThread.run(EventDispatchThread.java:82) [?:1.8.0_181]
Caused by: java.lang.ClassNotFoundException: javafx.scene.Parent
	at java.net.URLClassLoader.findClass(URLClassLoader.java:381) ~[?:1.8.0_181]
	at java.lang.ClassLoader.loadClass(ClassLoader.java:424) ~[?:1.8.0_181]
	at java.lang.ClassLoader.loadClass(ClassLoader.java:357) ~[?:1.8.0_181]
	... 86 more
2018-09-30 12:18:07,247 INFO o.a.j.e.StandardJMeterEngine: Running the test!
2018-09-30 12:18:07,256 INFO o.a.j.s.SampleEvent: List of sample_variables: []
2018-09-30 12:18:07,256 INFO o.a.j.s.SampleEvent: List of sample_variables: []
2018-09-30 12:18:07,269 INFO o.a.j.g.u.JMeterMenuBar: setRunning(true, *local*)
2018-09-30 12:18:07,593 INFO o.a.j.e.StandardJMeterEngine: Starting ThreadGroup: 1 : Thread Group
2018-09-30 12:18:07,593 INFO o.a.j.e.StandardJMeterEngine: Starting 1 threads for group Thread Group.
2018-09-30 12:18:07,593 INFO o.a.j.e.StandardJMeterEngine: Thread will continue on error
2018-09-30 12:18:07,594 INFO o.a.j.t.ThreadGroup: Starting thread group... number=1 threads=1 ramp-up=1 perThread=1000.0 delayedStart=false
2018-09-30 12:18:07,604 INFO o.a.j.t.ThreadGroup: Started thread group number 1
2018-09-30 12:18:07,605 INFO o.a.j.e.StandardJMeterEngine: All thread groups have been started
2018-09-30 12:18:07,608 INFO o.a.j.t.JMeterThread: Thread started: Thread Group 1-1
2018-09-30 12:18:07,616 INFO o.a.j.t.JMeterThread: Thread is done: Thread Group 1-1
2018-09-30 12:18:07,617 INFO o.a.j.t.JMeterThread: Thread finished: Thread Group 1-1
2018-09-30 12:18:07,619 INFO o.a.j.e.StandardJMeterEngine: Notifying test listeners of end of test
2018-09-30 12:18:07,619 INFO o.a.j.g.u.JMeterMenuBar: setRunning(false, *local*)
2018-09-30 12:50:03,600 INFO o.a.j.e.StandardJMeterEngine: Running the test!
2018-09-30 12:50:03,600 INFO o.a.j.s.SampleEvent: List of sample_variables: []
2018-09-30 12:50:03,617 INFO o.a.j.g.u.JMeterMenuBar: setRunning(true, *local*)
2018-09-30 12:50:03,639 INFO o.a.j.e.StandardJMeterEngine: Starting ThreadGroup: 1 : Thread Group
2018-09-30 12:50:03,639 INFO o.a.j.e.StandardJMeterEngine: Starting 1 threads for group Thread Group.
2018-09-30 12:50:03,639 INFO o.a.j.e.StandardJMeterEngine: Thread will continue on error
2018-09-30 12:50:03,639 INFO o.a.j.t.ThreadGroup: Starting thread group... number=1 threads=1 ramp-up=1 perThread=1000.0 delayedStart=false
2018-09-30 12:50:03,640 INFO o.a.j.t.ThreadGroup: Started thread group number 1
2018-09-30 12:50:03,640 INFO o.a.j.e.StandardJMeterEngine: All thread groups have been started
2018-09-30 12:50:03,676 INFO o.a.j.t.JMeterThread: Thread started: Thread Group 1-1
2018-09-30 12:50:03,688 INFO o.a.j.t.JMeterThread: Thread is done: Thread Group 1-1
2018-09-30 12:50:03,689 INFO o.a.j.t.JMeterThread: Thread finished: Thread Group 1-1
2018-09-30 12:50:03,689 INFO o.a.j.e.StandardJMeterEngine: Notifying test listeners of end of test
2018-09-30 12:50:03,693 INFO o.a.j.g.u.JMeterMenuBar: setRunning(false, *local*)
2018-09-30 13:26:22,395 INFO o.a.j.p.h.p.ProxyControl: Creating HTTP(S) Test Script Recorder Root CA in /home/tribes/apache-jmeter-5.0/bin/proxyserver.jks, ensure you install certificate in your Browser for recording
2018-09-30 13:26:32,521 INFO o.a.j.p.h.p.ProxyControl: Created keystore in /home/tribes/apache-jmeter-5.0/bin/proxyserver.jks
2018-09-30 13:26:33,189 INFO o.a.j.p.h.p.Daemon: Creating Daemon Socket on port: 8888
2018-09-30 13:26:33,220 INFO o.a.j.p.h.p.Daemon: Test Script Recorder up and running!
2018-09-30 13:27:00,254 INFO o.a.j.p.h.p.Daemon: HTTP(S) Test Script Recorder stopped
2018-09-30 13:36:26,205 INFO o.a.j.p.h.p.ProxyControl: Valid alias found for :root_ca:
2018-09-30 13:36:26,205 INFO o.a.j.p.h.p.ProxyControl: Valid alias found for :intermediate_ca:
2018-09-30 13:36:26,206 INFO o.a.j.p.h.p.Daemon: Creating Daemon Socket on port: 8080
2018-09-30 13:36:26,207 INFO o.a.j.p.h.p.Daemon: Test Script Recorder up and running!
2018-09-30 13:36:32,805 INFO o.a.j.p.h.p.Proxy: Proxy will remove the headers: If-Modified-Since,If-None-Match,Host
2018-09-30 13:36:32,816 INFO o.a.j.p.h.p.ProxyControl: [37720]  Creating entry explorer.tpay.ai in /home/tribes/apache-jmeter-5.0/bin/proxyserver.jks
2018-09-30 13:36:42,063 INFO o.a.j.p.h.p.ProxyControl: [37724]  Creating entry activity-stream-icons.services.mozilla.com in /home/tribes/apache-jmeter-5.0/bin/proxyserver.jks
2018-09-30 13:36:42,783 INFO o.a.j.p.h.p.Proxy: [37720]  KeyStore for SSL loaded OK and put host 'explorer.tpay.ai' in map with key (explorer.tpay.ai)
2018-09-30 13:36:44,401 INFO o.a.j.p.h.s.HTTPHCAbstractImpl: Local host = S6410
2018-09-30 13:36:44,437 INFO o.a.j.p.h.s.HTTPHC4Impl: HTTP request retry count = 0
2018-09-30 13:36:44,918 INFO o.a.j.p.h.s.h.LazyLayeredConnectionSocketFactory: Setting up HTTPS TrustAll Socket Factory
2018-09-30 13:36:44,933 INFO o.a.j.u.JsseSSLManager: Using default SSL protocol: TLS
2018-09-30 13:36:44,933 INFO o.a.j.u.JsseSSLManager: SSL session context: per-thread
2018-09-30 13:36:45,125 INFO o.a.j.u.SSLManager: JmeterKeyStore Location:  type JKS
2018-09-30 13:36:45,127 INFO o.a.j.u.SSLManager: KeyStore created OK
2018-09-30 13:36:45,127 WARN o.a.j.u.SSLManager: Keystore file not found, loading empty keystore
2018-09-30 13:36:53,696 INFO o.a.j.p.h.p.ProxyControl: [37796]  Creating entry maxcdn.bootstrapcdn.com in /home/tribes/apache-jmeter-5.0/bin/proxyserver.jks
2018-09-30 13:36:53,952 INFO o.a.j.p.h.p.Proxy: [37724]  KeyStore for SSL loaded OK and put host 'activity-stream-icons.services.mozilla.com' in map with key (activity-stream-icons.services.mozilla.com)
2018-09-30 13:36:54,044 WARN o.a.j.p.h.p.Proxy: [37724]  Problem with SSL certificate for url  for 'activity-stream-icons.services.mozilla.com'? Ensure browser is set to accept the JMeter proxy cert: Remote host closed connection during handshake
2018-09-30 13:37:02,122 INFO o.a.j.p.h.p.ProxyControl: [37788]  Creating entry cdn.syndication.twimg.com in /home/tribes/apache-jmeter-5.0/bin/proxyserver.jks
2018-09-30 13:37:02,734 INFO o.a.j.p.h.p.Proxy: [37796]  KeyStore for SSL loaded OK and put host 'maxcdn.bootstrapcdn.com' in map with key (maxcdn.bootstrapcdn.com)
2018-09-30 13:37:02,737 WARN o.a.j.p.h.p.Proxy: [37796]  Problem with SSL certificate for url  for 'maxcdn.bootstrapcdn.com'? Ensure browser is set to accept the JMeter proxy cert: Remote host closed connection during handshake
2018-09-30 13:37:10,777 INFO o.a.j.p.h.p.ProxyControl: [37738]  Creating entry cdn.datatables.net in /home/tribes/apache-jmeter-5.0/bin/proxyserver.jks
2018-09-30 13:37:11,208 INFO o.a.j.p.h.p.Proxy: [37788]  KeyStore for SSL loaded OK and put host 'cdn.syndication.twimg.com' in map with key (cdn.syndication.twimg.com)
2018-09-30 13:37:11,209 WARN o.a.j.p.h.p.Proxy: [37740]  Problem with SSL certificate for url  for 'maxcdn.bootstrapcdn.com'? Ensure browser is set to accept the JMeter proxy cert: Remote host closed connection during handshake
2018-09-30 13:37:20,561 INFO o.a.j.p.h.p.Proxy: [37738]  KeyStore for SSL loaded OK and put host 'cdn.datatables.net' in map with key (cdn.datatables.net)
2018-09-30 13:37:20,565 WARN o.a.j.p.h.p.Proxy: [37738]  Problem with SSL certificate for url  for 'cdn.datatables.net'? Ensure browser is set to accept the JMeter proxy cert: Connection reset
2018-09-30 13:37:58,627 INFO o.a.j.p.h.p.ProxyControl: [37974]  Creating entry collector-pxpmp8ilui.perimeterx.net in /home/tribes/apache-jmeter-5.0/bin/proxyserver.jks
2018-09-30 13:38:06,422 INFO o.a.j.p.h.p.Proxy: [37974]  KeyStore for SSL loaded OK and put host 'collector-pxpmp8ilui.perimeterx.net' in map with key (collector-pxpmp8ilui.perimeterx.net)
2018-09-30 13:38:34,777 INFO o.a.j.p.h.p.Daemon: HTTP(S) Test Script Recorder stopped
2018-09-30 14:02:06,480 INFO o.a.j.p.h.p.ProxyControl: Valid alias found for :root_ca:
2018-09-30 14:02:06,480 INFO o.a.j.p.h.p.ProxyControl: Valid alias found for :intermediate_ca:
2018-09-30 14:02:06,481 INFO o.a.j.p.h.p.Daemon: Creating Daemon Socket on port: 8080
2018-09-30 14:02:06,482 INFO o.a.j.p.h.p.Daemon: Test Script Recorder up and running!
2018-09-30 14:02:34,782 INFO o.a.j.p.h.p.Daemon: HTTP(S) Test Script Recorder stopped
2018-09-30 15:20:07,869 INFO o.a.j.e.StandardJMeterEngine: Running the test!
2018-09-30 15:20:07,887 INFO o.a.j.s.SampleEvent: List of sample_variables: []
2018-09-30 15:20:07,950 INFO o.a.j.g.u.JMeterMenuBar: setRunning(true, *local*)
2018-09-30 15:20:08,469 INFO o.a.j.e.StandardJMeterEngine: Starting ThreadGroup: 1 : Thread Group
2018-09-30 15:20:08,469 INFO o.a.j.e.StandardJMeterEngine: Starting 1 threads for group Thread Group.
2018-09-30 15:20:08,469 INFO o.a.j.e.StandardJMeterEngine: Thread will continue on error
2018-09-30 15:20:08,470 INFO o.a.j.t.ThreadGroup: Starting thread group... number=1 threads=1 ramp-up=3 perThread=3000.0 delayedStart=false
2018-09-30 15:20:08,479 INFO o.a.j.t.ThreadGroup: Started thread group number 1
2018-09-30 15:20:08,479 INFO o.a.j.e.StandardJMeterEngine: All thread groups have been started
2018-09-30 15:20:08,487 INFO o.a.j.t.JMeterThread: Thread started: Thread Group 1-1
2018-09-30 15:20:28,684 INFO o.a.j.t.JMeterThread: Thread is done: Thread Group 1-1
2018-09-30 15:20:28,684 INFO o.a.j.t.JMeterThread: Thread finished: Thread Group 1-1
2018-09-30 15:20:28,686 INFO o.a.j.e.StandardJMeterEngine: Notifying test listeners of end of test
2018-09-30 15:20:28,687 INFO o.a.j.g.u.JMeterMenuBar: setRunning(false, *local*)
2018-09-30 16:13:56,483 INFO o.a.j.e.StandardJMeterEngine: Running the test!
2018-09-30 16:13:56,496 INFO o.a.j.s.SampleEvent: List of sample_variables: []
2018-09-30 16:13:56,498 INFO o.a.j.g.u.JMeterMenuBar: setRunning(true, *local*)
2018-09-30 16:13:57,052 INFO o.a.j.e.StandardJMeterEngine: Starting ThreadGroup: 1 : Thread Group
2018-09-30 16:13:57,052 INFO o.a.j.e.StandardJMeterEngine: Starting 1 threads for group Thread Group.
2018-09-30 16:13:57,052 INFO o.a.j.e.StandardJMeterEngine: Thread will continue on error
2018-09-30 16:13:57,052 INFO o.a.j.t.ThreadGroup: Starting thread group... number=1 threads=1 ramp-up=3 perThread=3000.0 delayedStart=false
2018-09-30 16:13:57,053 INFO o.a.j.t.ThreadGroup: Started thread group number 1
2018-09-30 16:13:57,053 INFO o.a.j.e.StandardJMeterEngine: All thread groups have been started
2018-09-30 16:13:57,054 INFO o.a.j.t.JMeterThread: Thread started: Thread Group 1-1
2018-09-30 16:14:03,780 INFO o.a.j.t.JMeterThread: Thread is done: Thread Group 1-1
2018-09-30 16:14:03,780 INFO o.a.j.t.JMeterThread: Thread finished: Thread Group 1-1
2018-09-30 16:14:03,781 INFO o.a.j.e.StandardJMeterEngine: Notifying test listeners of end of test
2018-09-30 16:14:03,799 INFO o.a.j.g.u.JMeterMenuBar: setRunning(false, *local*)
2018-09-30 16:29:05,616 INFO o.a.j.e.StandardJMeterEngine: Running the test!
2018-09-30 16:29:05,786 INFO o.a.j.s.SampleEvent: List of sample_variables: []
2018-09-30 16:29:05,813 INFO o.a.j.g.u.JMeterMenuBar: setRunning(true, *local*)
2018-09-30 16:29:09,874 INFO o.a.j.e.StandardJMeterEngine: Starting ThreadGroup: 1 : Thread Group
2018-09-30 16:29:09,874 INFO o.a.j.e.StandardJMeterEngine: Starting 1 threads for group Thread Group.
2018-09-30 16:29:09,874 INFO o.a.j.e.StandardJMeterEngine: Thread will continue on error
2018-09-30 16:29:09,875 INFO o.a.j.t.ThreadGroup: Starting thread group... number=1 threads=1 ramp-up=3 perThread=3000.0 delayedStart=false
2018-09-30 16:29:09,876 INFO o.a.j.t.ThreadGroup: Started thread group number 1
2018-09-30 16:29:09,876 INFO o.a.j.e.StandardJMeterEngine: All thread groups have been started
2018-09-30 16:29:09,900 INFO o.a.j.t.JMeterThread: Thread started: Thread Group 1-1
2018-09-30 16:29:17,141 INFO o.a.j.t.JMeterThread: Thread is done: Thread Group 1-1
2018-09-30 16:29:17,141 INFO o.a.j.t.JMeterThread: Thread finished: Thread Group 1-1
2018-09-30 16:29:17,142 INFO o.a.j.e.StandardJMeterEngine: Notifying test listeners of end of test
2018-09-30 16:29:17,183 INFO o.a.j.g.u.JMeterMenuBar: setRunning(false, *local*)
2018-09-30 16:37:56,066 INFO o.a.j.p.h.p.ProxyControl: Valid alias found for :root_ca:
2018-09-30 16:37:56,067 INFO o.a.j.p.h.p.ProxyControl: Valid alias found for :intermediate_ca:
2018-09-30 16:37:56,086 INFO o.a.j.p.h.p.Daemon: Creating Daemon Socket on port: 8080
2018-09-30 16:37:56,087 INFO o.a.j.p.h.p.Daemon: Test Script Recorder up and running!
2018-09-30 16:38:03,927 INFO o.a.j.p.h.p.ProxyControl: [40478]  Creating entry ajax.googleapis.com in /home/tribes/apache-jmeter-5.0/bin/proxyserver.jks
2018-09-30 16:38:16,069 INFO o.a.j.p.h.p.ProxyControl: [40482]  Creating entry cdnjs.cloudflare.com in /home/tribes/apache-jmeter-5.0/bin/proxyserver.jks
2018-09-30 16:38:17,655 INFO o.a.j.p.h.p.Proxy: [40478]  KeyStore for SSL loaded OK and put host 'ajax.googleapis.com' in map with key (ajax.googleapis.com)
2018-09-30 16:38:26,276 INFO o.a.j.p.h.p.ProxyControl: [40480]  Creating entry netdna.bootstrapcdn.com in /home/tribes/apache-jmeter-5.0/bin/proxyserver.jks
2018-09-30 16:38:27,587 INFO o.a.j.p.h.p.Proxy: [40482]  KeyStore for SSL loaded OK and put host 'cdnjs.cloudflare.com' in map with key (cdnjs.cloudflare.com)
2018-09-30 16:38:36,740 INFO o.a.j.p.h.p.ProxyControl: [40564]  Creating entry services.addons.mozilla.org in /home/tribes/apache-jmeter-5.0/bin/proxyserver.jks
2018-09-30 16:38:38,129 INFO o.a.j.p.h.p.Proxy: [40480]  KeyStore for SSL loaded OK and put host 'netdna.bootstrapcdn.com' in map with key (netdna.bootstrapcdn.com)
2018-09-30 16:38:38,163 WARN o.a.j.p.h.p.Proxy: [40480]  Problem with SSL certificate for url  for 'netdna.bootstrapcdn.com'? Ensure browser is set to accept the JMeter proxy cert: Remote host closed connection during handshake
2018-09-30 16:38:53,438 INFO o.a.j.p.h.p.Proxy: [40564]  KeyStore for SSL loaded OK and put host 'services.addons.mozilla.org' in map with key (services.addons.mozilla.org)
2018-09-30 16:38:54,747 INFO o.a.j.p.h.p.ProxyControl: [40606]  Creating entry versioncheck-bg.addons.mozilla.org in /home/tribes/apache-jmeter-5.0/bin/proxyserver.jks
2018-09-30 16:39:04,528 WARN o.a.j.p.h.p.Proxy: [40712]  Problem with SSL certificate for url  for 'cdn.datatables.net'? Ensure browser is set to accept the JMeter proxy cert: Remote host closed connection during handshake
2018-09-30 16:39:13,776 INFO o.a.j.p.h.p.Proxy: [40606]  KeyStore for SSL loaded OK and put host 'versioncheck-bg.addons.mozilla.org' in map with key (versioncheck-bg.addons.mozilla.org)
2018-09-30 16:39:13,865 WARN o.a.j.p.h.p.HttpRequestHdr: Url 'https://versioncheck-bg.addons.mozilla.org:443/update/VersionCheck.php?reqVersion=2&id=aushelper@mozilla.org&version=2.0&maxAppVersion=62.*&status=userEnabled&appID={ec8030f7-c20a-464f-9b0e-13a3a9e97384}&appVersion=62.0&appOS=Linux&appABI=x86_64-gcc3&locale=en-US&currentAppVersion=62.0&updateType=112&compatMode=normal' contains unsafe characters, will escape it, message:Illegal character in query at index 165: https://versioncheck-bg.addons.mozilla.org:443/update/VersionCheck.php?reqVersion=2&id=aushelper@mozilla.org&version=2.0&maxAppVersion=62.*&status=userEnabled&appID={ec8030f7-c20a-464f-9b0e-13a3a9e97384}&appVersion=62.0&appOS=Linux&appABI=x86_64-gcc3&locale=en-US&currentAppVersion=62.0&updateType=112&compatMode=normal
2018-09-30 16:39:13,887 WARN o.a.j.p.h.p.HttpRequestHdr: Url 'https://versioncheck-bg.addons.mozilla.org:443/update/VersionCheck.php?reqVersion=2&id=screenshots@mozilla.org&version=33.0.0&maxAppVersion=*&status=userEnabled&appID={ec8030f7-c20a-464f-9b0e-13a3a9e97384}&appVersion=62.0&appOS=Linux&appABI=x86_64-gcc3&locale=en-US&currentAppVersion=62.0&updateType=112&compatMode=normal' contains unsafe characters, will escape it, message:Illegal character in query at index 167: https://versioncheck-bg.addons.mozilla.org:443/update/VersionCheck.php?reqVersion=2&id=screenshots@mozilla.org&version=33.0.0&maxAppVersion=*&status=userEnabled&appID={ec8030f7-c20a-464f-9b0e-13a3a9e97384}&appVersion=62.0&appOS=Linux&appABI=x86_64-gcc3&locale=en-US&currentAppVersion=62.0&updateType=112&compatMode=normal
2018-09-30 16:39:13,902 WARN o.a.j.p.h.p.HttpRequestHdr: Url 'https://versioncheck-bg.addons.mozilla.org:443/update/VersionCheck.php?reqVersion=2&id=firefox@getpocket.com&version=1.0.5&maxAppVersion=62.*&status=userEnabled&appID={ec8030f7-c20a-464f-9b0e-13a3a9e97384}&appVersion=62.0&appOS=Linux&appABI=x86_64-gcc3&locale=en-US&currentAppVersion=62.0&updateType=112&compatMode=normal' contains unsafe characters, will escape it, message:Illegal character in query at index 167: https://versioncheck-bg.addons.mozilla.org:443/update/VersionCheck.php?reqVersion=2&id=firefox@getpocket.com&version=1.0.5&maxAppVersion=62.*&status=userEnabled&appID={ec8030f7-c20a-464f-9b0e-13a3a9e97384}&appVersion=62.0&appOS=Linux&appABI=x86_64-gcc3&locale=en-US&currentAppVersion=62.0&updateType=112&compatMode=normal
2018-09-30 16:39:13,902 WARN o.a.j.p.h.p.HttpRequestHdr: Url 'https://versioncheck-bg.addons.mozilla.org:443/update/VersionCheck.php?reqVersion=2&id=formautofill@mozilla.org&version=1.0&maxAppVersion=62.*&status=userEnabled&appID={ec8030f7-c20a-464f-9b0e-13a3a9e97384}&appVersion=62.0&appOS=Linux&appABI=x86_64-gcc3&locale=en-US&currentAppVersion=62.0&updateType=112&compatMode=normal' contains unsafe characters, will escape it, message:Illegal character in query at index 168: https://versioncheck-bg.addons.mozilla.org:443/update/VersionCheck.php?reqVersion=2&id=formautofill@mozilla.org&version=1.0&maxAppVersion=62.*&status=userEnabled&appID={ec8030f7-c20a-464f-9b0e-13a3a9e97384}&appVersion=62.0&appOS=Linux&appABI=x86_64-gcc3&locale=en-US&currentAppVersion=62.0&updateType=112&compatMode=normal
2018-09-30 16:39:13,914 WARN o.a.j.p.h.p.HttpRequestHdr: Url 'https://versioncheck-bg.addons.mozilla.org:443/update/VersionCheck.php?reqVersion=2&id=onboarding@mozilla.org&version=1.0&maxAppVersion=62.*&status=userEnabled&appID={ec8030f7-c20a-464f-9b0e-13a3a9e97384}&appVersion=62.0&appOS=Linux&appABI=x86_64-gcc3&locale=en-US&currentAppVersion=62.0&updateType=112&compatMode=normal' contains unsafe characters, will escape it, message:Illegal character in query at index 166: https://versioncheck-bg.addons.mozilla.org:443/update/VersionCheck.php?reqVersion=2&id=onboarding@mozilla.org&version=1.0&maxAppVersion=62.*&status=userEnabled&appID={ec8030f7-c20a-464f-9b0e-13a3a9e97384}&appVersion=62.0&appOS=Linux&appABI=x86_64-gcc3&locale=en-US&currentAppVersion=62.0&updateType=112&compatMode=normal
2018-09-30 16:39:13,924 WARN o.a.j.p.h.p.HttpRequestHdr: Url 'https://versioncheck-bg.addons.mozilla.org:443/update/VersionCheck.php?reqVersion=2&id=activity-stream@mozilla.org&version=2018.08.22.1219-93becf29&maxAppVersion=62.*&status=userEnabled&appID={ec8030f7-c20a-464f-9b0e-13a3a9e97384}&appVersion=62.0&appOS=Linux&appABI=x86_64-gcc3&locale=en-US&currentAppVersion=62.0&updateType=112&compatMode=normal' contains unsafe characters, will escape it, message:Illegal character in query at index 192: https://versioncheck-bg.addons.mozilla.org:443/update/VersionCheck.php?reqVersion=2&id=activity-stream@mozilla.org&version=2018.08.22.1219-93becf29&maxAppVersion=62.*&status=userEnabled&appID={ec8030f7-c20a-464f-9b0e-13a3a9e97384}&appVersion=62.0&appOS=Linux&appABI=x86_64-gcc3&locale=en-US&currentAppVersion=62.0&updateType=112&compatMode=normal
2018-09-30 16:39:15,136 WARN o.a.j.p.h.p.HttpRequestHdr: Url 'https://versioncheck-bg.addons.mozilla.org:443/update/VersionCheck.php?reqVersion=2&id=webcompat@mozilla.org&version=2.0&maxAppVersion=62.*&status=userEnabled&appID={ec8030f7-c20a-464f-9b0e-13a3a9e97384}&appVersion=62.0&appOS=Linux&appABI=x86_64-gcc3&locale=en-US&currentAppVersion=62.0&updateType=112&compatMode=normal' contains unsafe characters, will escape it, message:Illegal character in query at index 165: https://versioncheck-bg.addons.mozilla.org:443/update/VersionCheck.php?reqVersion=2&id=webcompat@mozilla.org&version=2.0&maxAppVersion=62.*&status=userEnabled&appID={ec8030f7-c20a-464f-9b0e-13a3a9e97384}&appVersion=62.0&appOS=Linux&appABI=x86_64-gcc3&locale=en-US&currentAppVersion=62.0&updateType=112&compatMode=normal
2018-09-30 16:39:15,144 WARN o.a.j.p.h.p.HttpRequestHdr: Url 'https://versioncheck-bg.addons.mozilla.org:443/update/VersionCheck.php?reqVersion=2&id=langpack-en-GB@firefox.mozilla.org&version=62.0&maxAppVersion=62.*&status=userEnabled&appID={ec8030f7-c20a-464f-9b0e-13a3a9e97384}&appVersion=62.0&appOS=Linux&appABI=x86_64-gcc3&locale=en-US&currentAppVersion=62.0&updateType=112&compatMode=normal' contains unsafe characters, will escape it, message:Illegal character in query at index 179: https://versioncheck-bg.addons.mozilla.org:443/update/VersionCheck.php?reqVersion=2&id=langpack-en-GB@firefox.mozilla.org&version=62.0&maxAppVersion=62.*&status=userEnabled&appID={ec8030f7-c20a-464f-9b0e-13a3a9e97384}&appVersion=62.0&appOS=Linux&appABI=x86_64-gcc3&locale=en-US&currentAppVersion=62.0&updateType=112&compatMode=normal
2018-09-30 16:39:15,156 WARN o.a.j.p.h.p.HttpRequestHdr: Url 'https://versioncheck-bg.addons.mozilla.org:443/update/VersionCheck.php?reqVersion=2&id=webcompat-reporter@mozilla.org&version=1.0.0&maxAppVersion=62.*&status=userEnabled&appID={ec8030f7-c20a-464f-9b0e-13a3a9e97384}&appVersion=62.0&appOS=Linux&appABI=x86_64-gcc3&locale=en-US&currentAppVersion=62.0&updateType=112&compatMode=normal' contains unsafe characters, will escape it, message:Illegal character in query at index 176: https://versioncheck-bg.addons.mozilla.org:443/update/VersionCheck.php?reqVersion=2&id=webcompat-reporter@mozilla.org&version=1.0.0&maxAppVersion=62.*&status=userEnabled&appID={ec8030f7-c20a-464f-9b0e-13a3a9e97384}&appVersion=62.0&appOS=Linux&appABI=x86_64-gcc3&locale=en-US&currentAppVersion=62.0&updateType=112&compatMode=normal
2018-09-30 16:39:15,169 WARN o.a.j.p.h.p.HttpRequestHdr: Url 'https://versioncheck-bg.addons.mozilla.org:443/update/VersionCheck.php?reqVersion=2&id=langpack-en-CA@firefox.mozilla.org&version=62.0&maxAppVersion=62.*&status=userEnabled&appID={ec8030f7-c20a-464f-9b0e-13a3a9e97384}&appVersion=62.0&appOS=Linux&appABI=x86_64-gcc3&locale=en-US&currentAppVersion=62.0&updateType=112&compatMode=normal' contains unsafe characters, will escape it, message:Illegal character in query at index 179: https://versioncheck-bg.addons.mozilla.org:443/update/VersionCheck.php?reqVersion=2&id=langpack-en-CA@firefox.mozilla.org&version=62.0&maxAppVersion=62.*&status=userEnabled&appID={ec8030f7-c20a-464f-9b0e-13a3a9e97384}&appVersion=62.0&appOS=Linux&appABI=x86_64-gcc3&locale=en-US&currentAppVersion=62.0&updateType=112&compatMode=normal
2018-09-30 16:39:15,174 WARN o.a.j.p.h.p.HttpRequestHdr: Url 'https://versioncheck-bg.addons.mozilla.org:443/update/VersionCheck.php?reqVersion=2&id=langpack-en-ZA@firefox.mozilla.org&version=62.0&maxAppVersion=62.*&status=userEnabled&appID={ec8030f7-c20a-464f-9b0e-13a3a9e97384}&appVersion=62.0&appOS=Linux&appABI=x86_64-gcc3&locale=en-US&currentAppVersion=62.0&updateType=112&compatMode=normal' contains unsafe characters, will escape it, message:Illegal character in query at index 179: https://versioncheck-bg.addons.mozilla.org:443/update/VersionCheck.php?reqVersion=2&id=langpack-en-ZA@firefox.mozilla.org&version=62.0&maxAppVersion=62.*&status=userEnabled&appID={ec8030f7-c20a-464f-9b0e-13a3a9e97384}&appVersion=62.0&appOS=Linux&appABI=x86_64-gcc3&locale=en-US&currentAppVersion=62.0&updateType=112&compatMode=normal
2018-09-30 16:39:15,193 WARN o.a.j.p.h.p.HttpRequestHdr: Url 'https://versioncheck-bg.addons.mozilla.org:443/update/VersionCheck.php?reqVersion=2&id=fxmonitor@mozilla.org&version=2.3&maxAppVersion=null&status=userEnabled&appID={ec8030f7-c20a-464f-9b0e-13a3a9e97384}&appVersion=62.0&appOS=Linux&appABI=x86_64-gcc3&locale=en-US&currentAppVersion=62.0&updateType=112&compatMode=normal' contains unsafe characters, will escape it, message:Illegal character in query at index 165: https://versioncheck-bg.addons.mozilla.org:443/update/VersionCheck.php?reqVersion=2&id=fxmonitor@mozilla.org&version=2.3&maxAppVersion=null&status=userEnabled&appID={ec8030f7-c20a-464f-9b0e-13a3a9e97384}&appVersion=62.0&appOS=Linux&appABI=x86_64-gcc3&locale=en-US&currentAppVersion=62.0&updateType=112&compatMode=normal
2018-09-30 16:39:16,336 WARN o.a.j.p.h.p.HttpRequestHdr: Url 'https://versioncheck-bg.addons.mozilla.org:443/update/VersionCheck.php?reqVersion=2&id=telemetry-coverage-bug1487578@mozilla.org&version=7.0&maxAppVersion=63.*&status=userEnabled&appID={ec8030f7-c20a-464f-9b0e-13a3a9e97384}&appVersion=62.0&appOS=Linux&appABI=x86_64-gcc3&locale=en-US&currentAppVersion=62.0&updateType=112&compatMode=normal' contains unsafe characters, will escape it, message:Illegal character in query at index 185: https://versioncheck-bg.addons.mozilla.org:443/update/VersionCheck.php?reqVersion=2&id=telemetry-coverage-bug1487578@mozilla.org&version=7.0&maxAppVersion=63.*&status=userEnabled&appID={ec8030f7-c20a-464f-9b0e-13a3a9e97384}&appVersion=62.0&appOS=Linux&appABI=x86_64-gcc3&locale=en-US&currentAppVersion=62.0&updateType=112&compatMode=normal
2018-09-30 16:39:16,344 WARN o.a.j.p.h.p.HttpRequestHdr: Url 'https://versioncheck-bg.addons.mozilla.org:443/update/VersionCheck.php?reqVersion=2&id=search-nudges@shield.mozilla.org&version=1.8.2&maxAppVersion=*&status=userEnabled&appID={ec8030f7-c20a-464f-9b0e-13a3a9e97384}&appVersion=62.0&appOS=Linux&appABI=x86_64-gcc3&locale=en-US&currentAppVersion=62.0&updateType=112&compatMode=normal' contains unsafe characters, will escape it, message:Illegal character in query at index 175: https://versioncheck-bg.addons.mozilla.org:443/update/VersionCheck.php?reqVersion=2&id=search-nudges@shield.mozilla.org&version=1.8.2&maxAppVersion=*&status=userEnabled&appID={ec8030f7-c20a-464f-9b0e-13a3a9e97384}&appVersion=62.0&appOS=Linux&appABI=x86_64-gcc3&locale=en-US&currentAppVersion=62.0&updateType=112&compatMode=normal
2018-09-30 16:39:17,315 INFO o.a.j.p.h.p.ProxyControl: [40800]  Creating entry www.google.com in /home/tribes/apache-jmeter-5.0/bin/proxyserver.jks
2018-09-30 16:39:33,336 INFO o.a.j.p.h.p.ProxyControl: [40802]  Creating entry aus5.mozilla.org in /home/tribes/apache-jmeter-5.0/bin/proxyserver.jks
2018-09-30 16:39:36,601 INFO o.a.j.p.h.p.Proxy: [40800]  KeyStore for SSL loaded OK and put host 'www.google.com' in map with key (www.google.com)
2018-09-30 16:39:36,636 WARN o.a.j.p.h.p.Proxy: [40800]  Problem with SSL certificate for url  for 'www.google.com'? Ensure browser is set to accept the JMeter proxy cert: Remote host closed connection during handshake
2018-09-30 16:39:49,030 INFO o.a.j.p.h.p.ProxyControl: [40892]  Creating entry redirector.gvt1.com in /home/tribes/apache-jmeter-5.0/bin/proxyserver.jks
2018-09-30 16:39:52,525 INFO o.a.j.p.h.p.Proxy: [40802]  KeyStore for SSL loaded OK and put host 'aus5.mozilla.org' in map with key (aus5.mozilla.org)
2018-09-30 16:39:52,563 WARN o.a.j.p.h.p.Proxy: [40802]  Problem with SSL certificate for url  for 'aus5.mozilla.org'? Ensure browser is set to accept the JMeter proxy cert: Remote host closed connection during handshake
2018-09-30 16:40:06,319 INFO o.a.j.p.h.p.Daemon: HTTP(S) Test Script Recorder stopped
2018-09-30 16:40:07,906 INFO o.a.j.p.h.p.Proxy: [40892]  KeyStore for SSL loaded OK and put host 'redirector.gvt1.com' in map with key (redirector.gvt1.com)
2018-09-30 16:48:16,101 INFO o.a.j.e.StandardJMeterEngine: Running the test!
2018-09-30 16:48:16,102 INFO o.a.j.s.SampleEvent: List of sample_variables: []
2018-09-30 16:48:16,160 INFO o.a.j.g.u.JMeterMenuBar: setRunning(true, *local*)
2018-09-30 16:48:16,891 INFO o.a.j.e.StandardJMeterEngine: Starting ThreadGroup: 1 : Thread Group
2018-09-30 16:48:16,891 INFO o.a.j.e.StandardJMeterEngine: Starting 1 threads for group Thread Group.
2018-09-30 16:48:16,891 INFO o.a.j.e.StandardJMeterEngine: Thread will continue on error
2018-09-30 16:48:16,892 INFO o.a.j.t.ThreadGroup: Starting thread group... number=1 threads=1 ramp-up=1 perThread=1000.0 delayedStart=false
2018-09-30 16:48:16,905 INFO o.a.j.t.ThreadGroup: Started thread group number 1
2018-09-30 16:48:16,905 INFO o.a.j.e.StandardJMeterEngine: All thread groups have been started
2018-09-30 16:48:16,926 INFO o.a.j.t.JMeterThread: Thread started: Thread Group 1-1
2018-09-30 16:51:36,697 INFO o.a.j.t.JMeterThread: Thread is done: Thread Group 1-1
2018-09-30 16:51:36,697 INFO o.a.j.t.JMeterThread: Thread finished: Thread Group 1-1
2018-09-30 16:51:36,704 INFO o.a.j.e.StandardJMeterEngine: Notifying test listeners of end of test
2018-09-30 16:51:36,705 INFO o.a.j.g.u.JMeterMenuBar: setRunning(false, *local*)
